This is pdfTeX, Version 3.141592653-2.6-1.40.25 (TeX Live 2023) (preloaded format=pdflatex 2023.9.13)  6 OCT 2024 14:58
entering extended mode
 restricted \write18 enabled.
 %&-line parsing enabled.
**C:/Users/sw175264/AppData/Local/Temp/Rtmpk9Yv2H/preview-45f040f17f4.dir/Prost
ar_UserManual.tex

(c:/Users/sw175264/AppData/Local/Temp/Rtmpk9Yv2H/preview-45f040f17f4.dir/Prosta
r_UserManual.tex
LaTeX2e <2023-06-01> patch level 1
L3 programming layer <2023-08-29>
(c:/texlive/2023/texmf-dist/tex/latex/base/article.cls
Document Class: article 2023/05/17 v1.4n Standard LaTeX document class
(c:/texlive/2023/texmf-dist/tex/latex/base/size10.clo
File: size10.clo 2023/05/17 v1.4n Standard LaTeX file (size option)
)
\c@part=\count185
\c@section=\count186
\c@subsection=\count187
\c@subsubsection=\count188
\c@paragraph=\count189
\c@subparagraph=\count190
\c@figure=\count191
\c@table=\count192
\abovecaptionskip=\skip48
\belowcaptionskip=\skip49
\bibindent=\dimen140
) (c:/texlive/2023/texmf-dist/tex/latex/lm/lmodern.sty
Package: lmodern 2015/05/01 v1.6.1 Latin Modern Fonts
LaTeX Font Info:    Overwriting symbol font `operators' in version `normal'
(Font)                  OT1/cmr/m/n --> OT1/lmr/m/n on input line 22.
LaTeX Font Info:    Overwriting symbol font `letters' in version `normal'
(Font)                  OML/cmm/m/it --> OML/lmm/m/it on input line 23.
LaTeX Font Info:    Overwriting symbol font `symbols' in version `normal'
(Font)                  OMS/cmsy/m/n --> OMS/lmsy/m/n on input line 24.
LaTeX Font Info:    Overwriting symbol font `largesymbols' in version `normal'
(Font)                  OMX/cmex/m/n --> OMX/lmex/m/n on input line 25.
LaTeX Font Info:    Overwriting symbol font `operators' in version `bold'
(Font)                  OT1/cmr/bx/n --> OT1/lmr/bx/n on input line 26.
LaTeX Font Info:    Overwriting symbol font `letters' in version `bold'
(Font)                  OML/cmm/b/it --> OML/lmm/b/it on input line 27.
LaTeX Font Info:    Overwriting symbol font `symbols' in version `bold'
(Font)                  OMS/cmsy/b/n --> OMS/lmsy/b/n on input line 28.
LaTeX Font Info:    Overwriting symbol font `largesymbols' in version `bold'
(Font)                  OMX/cmex/m/n --> OMX/lmex/m/n on input line 29.
LaTeX Font Info:    Overwriting math alphabet `\mathbf' in version `normal'
(Font)                  OT1/cmr/bx/n --> OT1/lmr/bx/n on input line 31.
LaTeX Font Info:    Overwriting math alphabet `\mathsf' in version `normal'
(Font)                  OT1/cmss/m/n --> OT1/lmss/m/n on input line 32.
LaTeX Font Info:    Overwriting math alphabet `\mathit' in version `normal'
(Font)                  OT1/cmr/m/it --> OT1/lmr/m/it on input line 33.
LaTeX Font Info:    Overwriting math alphabet `\mathtt' in version `normal'
(Font)                  OT1/cmtt/m/n --> OT1/lmtt/m/n on input line 34.
LaTeX Font Info:    Overwriting math alphabet `\mathbf' in version `bold'
(Font)                  OT1/cmr/bx/n --> OT1/lmr/bx/n on input line 35.
LaTeX Font Info:    Overwriting math alphabet `\mathsf' in version `bold'
(Font)                  OT1/cmss/bx/n --> OT1/lmss/bx/n on input line 36.
LaTeX Font Info:    Overwriting math alphabet `\mathit' in version `bold'
(Font)                  OT1/cmr/bx/it --> OT1/lmr/bx/it on input line 37.
LaTeX Font Info:    Overwriting math alphabet `\mathtt' in version `bold'
(Font)                  OT1/cmtt/m/n --> OT1/lmtt/m/n on input line 38.
) (c:/texlive/2023/texmf-dist/tex/latex/amsfonts/amssymb.sty
Package: amssymb 2013/01/14 v3.01 AMS font symbols
(c:/texlive/2023/texmf-dist/tex/latex/amsfonts/amsfonts.sty
Package: amsfonts 2013/01/14 v3.01 Basic AMSFonts support
\@emptytoks=\toks17
\symAMSa=\mathgroup4
\symAMSb=\mathgroup5
LaTeX Font Info:    Redeclaring math symbol \hbar on input line 98.
LaTeX Font Info:    Overwriting math alphabet `\mathfrak' in version `bold'
(Font)                  U/euf/m/n --> U/euf/b/n on input line 106.
)) (c:/texlive/2023/texmf-dist/tex/latex/amsmath/amsmath.sty
Package: amsmath 2023/05/13 v2.17o AMS math features
\@mathmargin=\skip50
For additional information on amsmath, use the `?' option.
(c:/texlive/2023/texmf-dist/tex/latex/amsmath/amstext.sty
Package: amstext 2021/08/26 v2.01 AMS text
(c:/texlive/2023/texmf-dist/tex/latex/amsmath/amsgen.sty
File: amsgen.sty 1999/11/30 v2.0 generic functions
\@emptytoks=\toks18
\ex@=\dimen141
)) (c:/texlive/2023/texmf-dist/tex/latex/amsmath/amsbsy.sty
Package: amsbsy 1999/11/29 v1.2d Bold Symbols
\pmbraise@=\dimen142
) (c:/texlive/2023/texmf-dist/tex/latex/amsmath/amsopn.sty
Package: amsopn 2022/04/08 v2.04 operator names
)
\inf@bad=\count193
LaTeX Info: Redefining \frac on input line 234.
\uproot@=\count194
\leftroot@=\count195
LaTeX Info: Redefining \overline on input line 399.
LaTeX Info: Redefining \colon on input line 410.
\classnum@=\count196
\DOTSCASE@=\count197
LaTeX Info: Redefining \ldots on input line 496.
LaTeX Info: Redefining \dots on input line 499.
LaTeX Info: Redefining \cdots on input line 620.
\Mathstrutbox@=\box51
\strutbox@=\box52
LaTeX Info: Redefining \big on input line 722.
LaTeX Info: Redefining \Big on input line 723.
LaTeX Info: Redefining \bigg on input line 724.
LaTeX Info: Redefining \Bigg on input line 725.
\big@size=\dimen143
LaTeX Font Info:    Redeclaring font encoding OML on input line 743.
LaTeX Font Info:    Redeclaring font encoding OMS on input line 744.
\macc@depth=\count198
LaTeX Info: Redefining \bmod on input line 905.
LaTeX Info: Redefining \pmod on input line 910.
LaTeX Info: Redefining \smash on input line 940.
LaTeX Info: Redefining \relbar on input line 970.
LaTeX Info: Redefining \Relbar on input line 971.
\c@MaxMatrixCols=\count199
\dotsspace@=\muskip16
\c@parentequation=\count266
\dspbrk@lvl=\count267
\tag@help=\toks19
\row@=\count268
\column@=\count269
\maxfields@=\count270
\andhelp@=\toks20
\eqnshift@=\dimen144
\alignsep@=\dimen145
\tagshift@=\dimen146
\tagwidth@=\dimen147
\totwidth@=\dimen148
\lineht@=\dimen149
\@envbody=\toks21
\multlinegap=\skip51
\multlinetaggap=\skip52
\mathdisplay@stack=\toks22
LaTeX Info: Redefining \[ on input line 2953.
LaTeX Info: Redefining \] on input line 2954.
) (c:/texlive/2023/texmf-dist/tex/generic/iftex/ifxetex.sty
Package: ifxetex 2019/10/25 v0.7 ifxetex legacy package. Use iftex instead.
(c:/texlive/2023/texmf-dist/tex/generic/iftex/iftex.sty
Package: iftex 2022/02/03 v1.0f TeX engine tests
)) (c:/texlive/2023/texmf-dist/tex/generic/iftex/ifluatex.sty
Package: ifluatex 2019/10/25 v1.5 ifluatex legacy package. Use iftex instead.
) (c:/texlive/2023/texmf-dist/tex/latex/base/fixltx2e.sty
Package: fixltx2e 2016/12/29 v2.1a fixes to LaTeX (obsolete)
Applying: [2015/01/01] Old fixltx2e package on input line 46.

Package fixltx2e Warning: fixltx2e is not required with releases after 2015
(fixltx2e)                All fixes are now in the LaTeX kernel.
(fixltx2e)                See the latexrelease package for details.

Already applied: [0000/00/00] Old fixltx2e package on input line 53.
) (c:/texlive/2023/texmf-dist/tex/latex/base/fontenc.sty
Package: fontenc 2021/04/29 v2.0v Standard LaTeX package
LaTeX Font Info:    Trying to load font information for T1+lmr on input line 11
2.
(c:/texlive/2023/texmf-dist/tex/latex/lm/t1lmr.fd
File: t1lmr.fd 2015/05/01 v1.6.1 Font defs for Latin Modern
)) (c:/texlive/2023/texmf-dist/tex/latex/base/inputenc.sty
Package: inputenc 2021/02/14 v1.3d Input encoding file
\inpenc@prehook=\toks23
\inpenc@posthook=\toks24
) (c:/texlive/2023/texmf-dist/tex/latex/upquote/upquote.sty
Package: upquote 2012/04/19 v1.3 upright-quote and grave-accent glyphs in verba
tim
(c:/texlive/2023/texmf-dist/tex/latex/base/textcomp.sty
Package: textcomp 2020/02/02 v2.0n Standard LaTeX package
)) (c:/texlive/2023/texmf-dist/tex/latex/microtype/microtype.sty
Package: microtype 2023/03/13 v3.1a Micro-typographical refinements (RS)
(c:/texlive/2023/texmf-dist/tex/latex/graphics/keyval.sty
Package: keyval 2022/05/29 v1.15 key=value parser (DPC)
\KV@toks@=\toks25
) (c:/texlive/2023/texmf-dist/tex/latex/etoolbox/etoolbox.sty
Package: etoolbox 2020/10/05 v2.5k e-TeX tools for LaTeX (JAW)
\etb@tempcnta=\count271
)
\MT@toks=\toks26
\MT@tempbox=\box53
\MT@count=\count272
LaTeX Info: Redefining \noprotrusionifhmode on input line 1059.
LaTeX Info: Redefining \leftprotrusion on input line 1060.
\MT@prot@toks=\toks27
LaTeX Info: Redefining \rightprotrusion on input line 1078.
LaTeX Info: Redefining \textls on input line 1368.
\MT@outer@kern=\dimen150
LaTeX Info: Redefining \textmicrotypecontext on input line 1988.
\MT@listname@count=\count273
(c:/texlive/2023/texmf-dist/tex/latex/microtype/microtype-pdftex.def
File: microtype-pdftex.def 2023/03/13 v3.1a Definitions specific to pdftex (RS)

LaTeX Info: Redefining \lsstyle on input line 902.
LaTeX Info: Redefining \lslig on input line 902.
\MT@outer@space=\skip53
)
Package microtype Info: Loading configuration file microtype.cfg.
(c:/texlive/2023/texmf-dist/tex/latex/microtype/microtype.cfg
File: microtype.cfg 2023/03/13 v3.1a microtype main configuration file (RS)
)) (c:/texlive/2023/texmf-dist/tex/latex/tools/longtable.sty
Package: longtable 2021-09-01 v4.17 Multi-page Table package (DPC)
\LTleft=\skip54
\LTright=\skip55
\LTpre=\skip56
\LTpost=\skip57
\LTchunksize=\count274
\LTcapwidth=\dimen151
\LT@head=\box54
\LT@firsthead=\box55
\LT@foot=\box56
\LT@lastfoot=\box57
\LT@gbox=\box58
\LT@cols=\count275
\LT@rows=\count276
\c@LT@tables=\count277
\c@LT@chunks=\count278
\LT@p@ftn=\toks28
) (c:/texlive/2023/texmf-dist/tex/latex/booktabs/booktabs.sty
Package: booktabs 2020/01/12 v1.61803398 Publication quality tables
\heavyrulewidth=\dimen152
\lightrulewidth=\dimen153
\cmidrulewidth=\dimen154
\belowrulesep=\dimen155
\belowbottomsep=\dimen156
\aboverulesep=\dimen157
\abovetopsep=\dimen158
\cmidrulesep=\dimen159
\cmidrulekern=\dimen160
\defaultaddspace=\dimen161
\@cmidla=\count279
\@cmidlb=\count280
\@aboverulesep=\dimen162
\@belowrulesep=\dimen163
\@thisruleclass=\count281
\@lastruleclass=\count282
\@thisrulewidth=\dimen164
) (c:/texlive/2023/texmf-dist/tex/latex/graphics/graphicx.sty
Package: graphicx 2021/09/16 v1.2d Enhanced LaTeX Graphics (DPC,SPQR)
(c:/texlive/2023/texmf-dist/tex/latex/graphics/graphics.sty
Package: graphics 2022/03/10 v1.4e Standard LaTeX Graphics (DPC,SPQR)
(c:/texlive/2023/texmf-dist/tex/latex/graphics/trig.sty
Package: trig 2021/08/11 v1.11 sin cos tan (DPC)
) (c:/texlive/2023/texmf-dist/tex/latex/graphics-cfg/graphics.cfg
File: graphics.cfg 2016/06/04 v1.11 sample graphics configuration
)
Package graphics Info: Driver file: pdftex.def on input line 107.
(c:/texlive/2023/texmf-dist/tex/latex/graphics-def/pdftex.def
File: pdftex.def 2022/09/22 v1.2b Graphics/color driver for pdftex
))
\Gin@req@height=\dimen165
\Gin@req@width=\dimen166
) (c:/texlive/2023/texmf-dist/tex/latex/grffile/grffile.sty
Package: grffile 2019/11/11 v2.1 Extended file name support for graphics (legac
y)
Package grffile Info: This package is an empty stub for compatibility on input 
line 40.
) (c:/texlive/2023/texmf-dist/tex/latex/parskip/parskip.sty
Package: parskip 2021-03-14 v2.0h non-zero parskip adjustments
(c:/texlive/2023/texmf-dist/tex/latex/kvoptions/kvoptions.sty
Package: kvoptions 2022-06-15 v3.15 Key value format for package options (HO)
(c:/texlive/2023/texmf-dist/tex/generic/ltxcmds/ltxcmds.sty
Package: ltxcmds 2020-05-10 v1.25 LaTeX kernel commands for general use (HO)
) (c:/texlive/2023/texmf-dist/tex/latex/kvsetkeys/kvsetkeys.sty
Package: kvsetkeys 2022-10-05 v1.19 Key value parser (HO)
))) (c:/texlive/2023/texmf-dist/tex/latex/titling/titling.sty
Package: titling 2009/09/04 v2.1d maketitle typesetting
\thanksmarkwidth=\skip58
\thanksmargin=\skip59
\droptitle=\skip60
)
(c:/Users/sw175264/Documents/R/R-4.4.1/library/BiocStyle/resources/tex/Biocondu
ctor.sty

LaTeX Warning: You have requested package `C:/Users/sw175264/Documents/R/R-4.4.
1/library/BiocStyle/resources/tex/Bioconductor',
               but the package provides `Bioconductor'.

Package: Bioconductor 2016/06/22 Bioconductor LaTeX Style
(c:/texlive/2023/texmf-dist/tex/latex/base/ifthen.sty
Package: ifthen 2022/04/13 v1.1d Standard LaTeX ifthen package (DPC)
) (c:/texlive/2023/texmf-dist/tex/latex/xcolor/xcolor.sty
Package: xcolor 2022/06/12 v2.14 LaTeX color extensions (UK)
(c:/texlive/2023/texmf-dist/tex/latex/graphics-cfg/color.cfg
File: color.cfg 2016/01/02 v1.6 sample color configuration
)
Package xcolor Info: Driver file: pdftex.def on input line 227.
(c:/texlive/2023/texmf-dist/tex/latex/graphics/mathcolor.ltx)
Package xcolor Info: Model `cmy' substituted by `cmy0' on input line 1353.
Package xcolor Info: Model `hsb' substituted by `rgb' on input line 1357.
Package xcolor Info: Model `RGB' extended on input line 1369.
Package xcolor Info: Model `HTML' substituted by `rgb' on input line 1371.
Package xcolor Info: Model `Hsb' substituted by `hsb' on input line 1372.
Package xcolor Info: Model `tHsb' substituted by `hsb' on input line 1373.
Package xcolor Info: Model `HSB' substituted by `hsb' on input line 1374.
Package xcolor Info: Model `Gray' substituted by `gray' on input line 1375.
Package xcolor Info: Model `wave' substituted by `hsb' on input line 1376.
) (c:/texlive/2023/texmf-dist/tex/latex/hyperref/hyperref.sty
Package: hyperref 2023-07-08 v7.01b Hypertext links for LaTeX
(c:/texlive/2023/texmf-dist/tex/generic/pdftexcmds/pdftexcmds.sty
Package: pdftexcmds 2020-06-27 v0.33 Utility functions of pdfTeX for LuaTeX (HO
)
(c:/texlive/2023/texmf-dist/tex/generic/infwarerr/infwarerr.sty
Package: infwarerr 2019/12/03 v1.5 Providing info/warning/error messages (HO)
)
Package pdftexcmds Info: \pdf@primitive is available.
Package pdftexcmds Info: \pdf@ifprimitive is available.
Package pdftexcmds Info: \pdfdraftmode found.
) (c:/texlive/2023/texmf-dist/tex/generic/kvdefinekeys/kvdefinekeys.sty
Package: kvdefinekeys 2019-12-19 v1.6 Define keys (HO)
) (c:/texlive/2023/texmf-dist/tex/generic/pdfescape/pdfescape.sty
Package: pdfescape 2019/12/09 v1.15 Implements pdfTeX's escape features (HO)
) (c:/texlive/2023/texmf-dist/tex/latex/hycolor/hycolor.sty
Package: hycolor 2020-01-27 v1.10 Color options for hyperref/bookmark (HO)
) (c:/texlive/2023/texmf-dist/tex/latex/letltxmacro/letltxmacro.sty
Package: letltxmacro 2019/12/03 v1.6 Let assignment for LaTeX macros (HO)
) (c:/texlive/2023/texmf-dist/tex/latex/auxhook/auxhook.sty
Package: auxhook 2019-12-17 v1.6 Hooks for auxiliary files (HO)
) (c:/texlive/2023/texmf-dist/tex/latex/hyperref/nameref.sty
Package: nameref 2023-08-07 v2.53 Cross-referencing by name of section
(c:/texlive/2023/texmf-dist/tex/latex/refcount/refcount.sty
Package: refcount 2019/12/15 v3.6 Data extraction from label references (HO)
) (c:/texlive/2023/texmf-dist/tex/generic/gettitlestring/gettitlestring.sty
Package: gettitlestring 2019/12/15 v1.6 Cleanup title references (HO)
)
\c@section@level=\count283
)
\@linkdim=\dimen167
\Hy@linkcounter=\count284
\Hy@pagecounter=\count285
(c:/texlive/2023/texmf-dist/tex/latex/hyperref/pd1enc.def
File: pd1enc.def 2023-07-08 v7.01b Hyperref: PDFDocEncoding definition (HO)
Now handling font encoding PD1 ...
... no UTF-8 mapping file for font encoding PD1
) (c:/texlive/2023/texmf-dist/tex/generic/intcalc/intcalc.sty
Package: intcalc 2019/12/15 v1.3 Expandable calculations with integers (HO)
)
\Hy@SavedSpaceFactor=\count286
(c:/texlive/2023/texmf-dist/tex/latex/hyperref/puenc.def
File: puenc.def 2023-07-08 v7.01b Hyperref: PDF Unicode definition (HO)
Now handling font encoding PU ...
... no UTF-8 mapping file for font encoding PU
)
Package hyperref Info: Option `pdfpagelabels' set `true' on input line 4050.
Package hyperref Info: Option `plainpages' set `false' on input line 4050.
Package hyperref Info: Option `bookmarks' set `true' on input line 4050.
Package hyperref Info: Option `bookmarksopen' set `true' on input line 4050.
Package hyperref Info: Option `bookmarksnumbered' set `true' on input line 4050
.
Package hyperref Info: Option `hyperfootnotes' set `false' on input line 4050.
Package hyperref Info: Option `colorlinks' set `true' on input line 4050.
Package hyperref Info: Option `breaklinks' set `true' on input line 4050.
Package hyperref Info: Option `raiselinks' set `true' on input line 4050.
Package hyperref Info: Option `pdfusetitle' set `true' on input line 4050.
Package hyperref Info: Hyper figures OFF on input line 4167.
Package hyperref Info: Link nesting OFF on input line 4172.
Package hyperref Info: Hyper index ON on input line 4175.
Package hyperref Info: Plain pages OFF on input line 4182.
Package hyperref Info: Backreferencing OFF on input line 4187.
Package hyperref Info: Implicit mode ON; LaTeX internals redefined.
Package hyperref Info: Bookmarks ON on input line 4434.
\c@Hy@tempcnt=\count287
(c:/texlive/2023/texmf-dist/tex/latex/url/url.sty
\Urlmuskip=\muskip17
Package: url 2013/09/16  ver 3.4  Verb mode for urls, etc.
)
LaTeX Info: Redefining \url on input line 4772.
\XeTeXLinkMargin=\dimen168
(c:/texlive/2023/texmf-dist/tex/generic/bitset/bitset.sty
Package: bitset 2019/12/09 v1.3 Handle bit-vector datatype (HO)
(c:/texlive/2023/texmf-dist/tex/generic/bigintcalc/bigintcalc.sty
Package: bigintcalc 2019/12/15 v1.5 Expandable calculations on big integers (HO
)
))
\Fld@menulength=\count288
\Field@Width=\dimen169
\Fld@charsize=\dimen170
Package hyperref Info: Hyper figures OFF on input line 6051.
Package hyperref Info: Link nesting OFF on input line 6056.
Package hyperref Info: Hyper index ON on input line 6059.
Package hyperref Info: backreferencing OFF on input line 6066.
Package hyperref Info: Link coloring ON on input line 6069.
Package hyperref Info: Link coloring with OCG OFF on input line 6076.
Package hyperref Info: PDF/A mode OFF on input line 6081.
(c:/texlive/2023/texmf-dist/tex/latex/base/atbegshi-ltx.sty
Package: atbegshi-ltx 2021/01/10 v1.0c Emulation of the original atbegshi
package with kernel methods
)
\Hy@abspage=\count289
\c@Item=\count290
)
Package hyperref Info: Driver: hpdftex.
(c:/texlive/2023/texmf-dist/tex/latex/hyperref/hpdftex.def
File: hpdftex.def 2023-07-08 v7.01b Hyperref driver for pdfTeX
(c:/texlive/2023/texmf-dist/tex/latex/base/atveryend-ltx.sty
Package: atveryend-ltx 2020/08/19 v1.0a Emulation of the original atveryend pac
kage
with kernel methods
)
\Fld@listcount=\count291
\c@bookmark@seq@number=\count292
(c:/texlive/2023/texmf-dist/tex/latex/rerunfilecheck/rerunfilecheck.sty
Package: rerunfilecheck 2022-07-10 v1.10 Rerun checks for auxiliary files (HO)
(c:/texlive/2023/texmf-dist/tex/generic/uniquecounter/uniquecounter.sty
Package: uniquecounter 2019/12/15 v1.4 Provide unlimited unique counter (HO)
)
Package uniquecounter Info: New unique counter `rerunfilecheck' on input line 2
85.
)
\Hy@SectionHShift=\skip61
) (c:/texlive/2023/texmf-dist/tex/latex/geometry/geometry.sty
Package: geometry 2020/01/02 v5.9 Page Geometry
(c:/texlive/2023/texmf-dist/tex/generic/iftex/ifvtex.sty
Package: ifvtex 2019/10/25 v1.7 ifvtex legacy package. Use iftex instead.
)
\Gm@cnth=\count293
\Gm@cntv=\count294
\c@Gm@tempcnt=\count295
\Gm@bindingoffset=\dimen171
\Gm@wd@mp=\dimen172
\Gm@odd@mp=\dimen173
\Gm@even@mp=\dimen174
\Gm@layoutwidth=\dimen175
\Gm@layoutheight=\dimen176
\Gm@layouthoffset=\dimen177
\Gm@layoutvoffset=\dimen178
\Gm@dimlist=\toks29
)
\hfskip=\skip62
\layoutw=\skip63
\layouth=\skip64
\layouthoff=\skip65
\layoutvoff=\skip66
\overhang=\skip67
\rightoffset=\skip68
\fltoffset=\skip69
\capoffset=\skip70
(c:/texlive/2023/texmf-dist/tex/latex/bera/beramono.sty
Package: beramono 2004/01/31 (WaS)
) (c:/texlive/2023/texmf-dist/tex/latex/base/fontenc.sty
Package: fontenc 2021/04/29 v2.0v Standard LaTeX package
LaTeX Font Info:    Trying to load font information for T1+lmss on input line 1
12.
(c:/texlive/2023/texmf-dist/tex/latex/lm/t1lmss.fd
File: t1lmss.fd 2015/05/01 v1.6.1 Font defs for Latin Modern
)) (c:/texlive/2023/texmf-dist/tex/latex/titlesec/titlesec.sty
Package: titlesec 2021/07/05 v2.14 Sectioning titles
\ttl@box=\box59
\beforetitleunit=\skip71
\aftertitleunit=\skip72
\ttl@plus=\dimen179
\ttl@minus=\dimen180
\ttl@toksa=\toks30
\titlewidth=\dimen181
\titlewidthlast=\dimen182
\titlewidthfirst=\dimen183
) (c:/texlive/2023/texmf-dist/tex/latex/framed/framed.sty
Package: framed 2011/10/22 v 0.96: framed or shaded text with page breaks
\OuterFrameSep=\skip73
\fb@frw=\dimen184
\fb@frh=\dimen185
\FrameRule=\dimen186
\FrameSep=\dimen187
)
\voverhang=\skip74
(c:/texlive/2023/texmf-dist/tex/latex/fancyhdr/fancyhdr.sty
Package: fancyhdr 2022/11/09 v4.1 Extensive control of page headers and footers

\f@nch@headwidth=\skip75
\f@nch@O@elh=\skip76
\f@nch@O@erh=\skip77
\f@nch@O@olh=\skip78
\f@nch@O@orh=\skip79
\f@nch@O@elf=\skip80
\f@nch@O@erf=\skip81
\f@nch@O@olf=\skip82
\f@nch@O@orf=\skip83
) (c:/texlive/2023/texmf-dist/tex/latex/enumitem/enumitem.sty
Package: enumitem 2019/06/20 v3.9 Customized lists
\labelindent=\skip84
\enit@outerparindent=\dimen188
\enit@toks=\toks31
\enit@inbox=\box60
\enit@count@id=\count296
\enitdp@description=\count297
) (c:/texlive/2023/texmf-dist/tex/latex/nowidow/nowidow.sty
Package: nowidow 2011/09/20 1.0 Easily prevent widows and orphans
Package: nowidow 
) (c:/texlive/2023/texmf-dist/tex/latex/parnotes/parnotes.sty
Package: parnotes 2019/07/23 rev. 3b Notes after every paragraph, or elsewhere
\c@parnotemark=\count298
) (c:/texlive/2023/texmf-dist/tex/latex/preprint/authblk.sty
Package: authblk 2001/02/27 1.3 (PWD)
\affilsep=\skip85
\@affilsep=\skip86
\c@Maxaffil=\count299
\c@authors=\count300
\c@affil=\count301
) (c:/texlive/2023/texmf-dist/tex/generic/soul/soul.sty
Package: soul 2023-06-14 v3.1 Permit use of UTF-8 characters in soul (HO)
(c:/texlive/2023/texmf-dist/tex/generic/soul/soul-ori.sty
Package: soul-ori 2023-06-14 v3.1 letterspacing/underlining (mf)
\SOUL@word=\toks32
\SOUL@lasttoken=\toks33
\SOUL@syllable=\toks34
\SOUL@cmds=\toks35
\SOUL@buffer=\toks36
\SOUL@token=\toks37
\SOUL@syllgoal=\dimen189
\SOUL@syllwidth=\dimen190
\SOUL@charkern=\dimen191
\SOUL@hyphkern=\dimen192
\SOUL@dimen=\dimen193
\SOUL@dimeni=\dimen194
\SOUL@minus=\count302
\SOUL@comma=\count303
\SOUL@apo=\count304
\SOUL@grave=\count305
\SOUL@spaceskip=\skip87
\SOUL@ttwidth=\dimen195
\SOUL@uldp=\dimen196
\SOUL@ulht=\dimen197
) (c:/texlive/2023/texmf-dist/tex/generic/etexcmds/etexcmds.sty
Package: etexcmds 2019/12/15 v1.7 Avoid name clashes with e-TeX commands (HO)
)) (c:/texlive/2023/texmf-dist/tex/latex/placeins/placeins.sty
Package: placeins 2005/04/18  v 2.2
) (c:/texlive/2023/texmf-dist/tex/latex/ragged2e/ragged2e.sty
Package: ragged2e 2023/06/22 v3.6 ragged2e Package
\CenteringLeftskip=\skip88
\RaggedLeftLeftskip=\skip89
\RaggedRightLeftskip=\skip90
\CenteringRightskip=\skip91
\RaggedLeftRightskip=\skip92
\RaggedRightRightskip=\skip93
\CenteringParfillskip=\skip94
\RaggedLeftParfillskip=\skip95
\RaggedRightParfillskip=\skip96
\JustifyingParfillskip=\skip97
\CenteringParindent=\skip98
\RaggedLeftParindent=\skip99
\RaggedRightParindent=\skip100
\JustifyingParindent=\skip101
) (c:/texlive/2023/texmf-dist/tex/latex/footmisc/footmisc.sty
Package: footmisc 2023/07/05 v6.0f a miscellany of footnote facilities
\FN@temptoken=\toks38
\footnotemargin=\dimen198
\@outputbox@depth=\dimen199
Package footmisc Info: Declaring symbol style bringhurst on input line 696.
Package footmisc Info: Declaring symbol style chicago on input line 704.
Package footmisc Info: Declaring symbol style wiley on input line 713.
Package footmisc Info: Declaring symbol style lamport-robust on input line 724.

Package footmisc Info: Declaring symbol style lamport* on input line 744.
Package footmisc Info: Declaring symbol style lamport*-robust on input line 765
.
) (c:/texlive/2023/texmf-dist/tex/latex/marginfix/marginfix.sty
Package: marginfix 2020/05/06 v1.2 Fix Margin Paragraphs
\Mfx@inject@insert=\insert252
\Mfx@marginbox=\box61
\Mfx@marginpos@min=\dimen256
\Mfx@marginpos@max=\dimen257
\Mfx@marginspace=\dimen258
\Mfx@marginheight=\dimen259
\Mfx@piece@content=\box62
\Mfx@piece@count=\count306
\Mfx@mparshift=\dimen260
\marginheightadjustment=\dimen261
\marginposadjustment=\dimen262
\Mfx@strutheight=\dimen263
) (c:/texlive/2023/texmf-dist/tex/latex/changepage/changepage.sty
Package: changepage 2009/10/20 v1.0c check page and change page layout
\c@cp@cntr=\count307
\cp@tempcnt=\count308
) (c:/texlive/2023/texmf-dist/tex/latex/caption/caption.sty
Package: caption 2023/07/31 v3.6n Customizing captions (AR)
(c:/texlive/2023/texmf-dist/tex/latex/caption/caption3.sty
Package: caption3 2023/07/31 v2.4d caption3 kernel (AR)
\caption@tempdima=\dimen264
\captionmargin=\dimen265
\caption@leftmargin=\dimen266
\caption@rightmargin=\dimen267
\caption@width=\dimen268
\caption@indent=\dimen269
\caption@parindent=\dimen270
\caption@hangindent=\dimen271
Package caption Info: Standard document class detected.
)
\c@caption@flags=\count309
\c@continuedfloat=\count310
Package caption Info: changepage package is loaded.
\caption@adjustwidth@hsize=\dimen272
\caption@adjustwidth@linewidth=\dimen273
Package caption Info: hyperref package is loaded.
Package caption Info: longtable package is loaded.
(c:/texlive/2023/texmf-dist/tex/latex/caption/ltcaption.sty
Package: ltcaption 2021/01/08 v1.4c longtable captions (AR)
)) (c:/texlive/2023/texmf-dist/tex/generic/xstring/xstring.sty (c:/texlive/2023
/texmf-dist/tex/generic/xstring/xstring.tex
\xs_counta=\count311
\xs_countb=\count312
)
Package: xstring 2023/08/22 v1.86 String manipulations (CT)
) (c:/texlive/2023/texmf-dist/tex/latex/titlesec/titletoc.sty
Package: titletoc 2021/07/05 v2.14 TOC entries
\ttl@leftsep=\dimen274
)
\rightextend=\skip102
(c:/texlive/2023/texmf-dist/tex/latex/mathtools/mathtools.sty
Package: mathtools 2022/06/29 v1.29 mathematical typesetting tools
(c:/texlive/2023/texmf-dist/tex/latex/tools/calc.sty
Package: calc 2017/05/25 v4.3 Infix arithmetic (KKT,FJ)
\calc@Acount=\count313
\calc@Bcount=\count314
\calc@Adimen=\dimen275
\calc@Bdimen=\dimen276
\calc@Askip=\skip103
\calc@Bskip=\skip104
LaTeX Info: Redefining \setlength on input line 80.
LaTeX Info: Redefining \addtolength on input line 81.
\calc@Ccount=\count315
\calc@Cskip=\skip105
) (c:/texlive/2023/texmf-dist/tex/latex/mathtools/mhsetup.sty
Package: mhsetup 2021/03/18 v1.4 programming setup (MH)
)
\g_MT_multlinerow_int=\count316
\l_MT_multwidth_dim=\dimen277
\origjot=\skip106
\l_MT_shortvdotswithinadjustabove_dim=\dimen278
\l_MT_shortvdotswithinadjustbelow_dim=\dimen279
\l_MT_above_intertext_sep=\dimen280
\l_MT_below_intertext_sep=\dimen281
\l_MT_above_shortintertext_sep=\dimen282
\l_MT_below_shortintertext_sep=\dimen283
\xmathstrut@box=\box63
\xmathstrut@dim=\dimen284
)
Skipping longtable patch
) (c:/texlive/2023/texmf-dist/tex/latex/fancyvrb/fancyvrb.sty
Package: fancyvrb 2023/01/19 4.5a verbatim text (tvz,hv)
\FV@CodeLineNo=\count317
\FV@InFile=\read2
\FV@TabBox=\box64
\c@FancyVerbLine=\count318
\FV@StepNumber=\count319
\FV@OutFile=\write3
) (c:/texlive/2023/texmf-dist/tex/latex/l3backend/l3backend-pdftex.def
File: l3backend-pdftex.def 2023-04-19 L3 backend support: PDF output (pdfTeX)
\l__color_backend_stack_int=\count320
\l__pdf_internal_box=\box65
) (./Prostar_UserManual.aux)
\openout1 = `Prostar_UserManual.aux'.

LaTeX Font Info:    Checking defaults for OML/cmm/m/it on input line 138.
LaTeX Font Info:    ... okay on input line 138.
LaTeX Font Info:    Checking defaults for OMS/cmsy/m/n on input line 138.
LaTeX Font Info:    ... okay on input line 138.
LaTeX Font Info:    Checking defaults for OT1/cmr/m/n on input line 138.
LaTeX Font Info:    ... okay on input line 138.
LaTeX Font Info:    Checking defaults for T1/cmr/m/n on input line 138.
LaTeX Font Info:    ... okay on input line 138.
LaTeX Font Info:    Checking defaults for TS1/cmr/m/n on input line 138.
LaTeX Font Info:    ... okay on input line 138.
LaTeX Font Info:    Checking defaults for OMX/cmex/m/n on input line 138.
LaTeX Font Info:    ... okay on input line 138.
LaTeX Font Info:    Checking defaults for U/cmr/m/n on input line 138.
LaTeX Font Info:    ... okay on input line 138.
LaTeX Font Info:    Checking defaults for PD1/pdf/m/n on input line 138.
LaTeX Font Info:    ... okay on input line 138.
LaTeX Font Info:    Checking defaults for PU/pdf/m/n on input line 138.
LaTeX Font Info:    ... okay on input line 138.
LaTeX Info: Redefining \microtypecontext on input line 138.
Package microtype Info: Applying patch `item' on input line 138.
Package microtype Info: Applying patch `toc' on input line 138.
Package microtype Info: The `eqnum' patch may not be effective because you are
(microtype)             using the mathtools package. Make sure to insert
(microtype)             `\leftprotrusion' and `\rightprotrusion' as
(microtype)             appropriate in mathtools's `\newtagform' command.
Package microtype Info: Applying patch `eqnum' on input line 138.
Package microtype Info: Applying patch `footnote' on input line 138.
Package microtype Info: Applying patch `verbatim' on input line 138.
Package microtype Info: Generating PDF output.
Package microtype Info: Character protrusion enabled (level 2).
Package microtype Info: Using protrusion set `basicmath'.
Package microtype Info: Automatic font expansion enabled (level 2),
(microtype)             stretch: 20, shrink: 20, step: 1, non-selected.
Package microtype Info: Using default expansion set `alltext-nott'.
LaTeX Info: Redefining \showhyphens on input line 138.
Package microtype Info: No adjustment of tracking.
Package microtype Info: No adjustment of interword spacing.
Package microtype Info: No adjustment of character kerning.
Package microtype Info: Loading generic protrusion settings for font family
(microtype)             `lmss' (encoding: T1).
(microtype)             For optimal results, create family-specific settings.
(microtype)             See the microtype manual for details.
(c:/texlive/2023/texmf-dist/tex/context/base/mkii/supp-pdf.mkii
[Loading MPS to PDF converter (version 2006.09.02).]
\scratchcounter=\count321
\scratchdimen=\dimen285
\scratchbox=\box66
\nofMPsegments=\count322
\nofMParguments=\count323
\everyMPshowfont=\toks39
\MPscratchCnt=\count324
\MPscratchDim=\dimen286
\MPnumerator=\count325
\makeMPintoPDFobject=\count326
\everyMPtoPDFconversion=\toks40
) (c:/texlive/2023/texmf-dist/tex/latex/epstopdf-pkg/epstopdf-base.sty
Package: epstopdf-base 2020-01-24 v2.11 Base part for package epstopdf
Package epstopdf-base Info: Redefining graphics rule for `.eps' on input line 4
85.
(c:/texlive/2023/texmf-dist/tex/latex/latexconfig/epstopdf-sys.cfg
File: epstopdf-sys.cfg 2010/07/13 v1.3 Configuration of (r)epstopdf for TeX Liv
e
))
Package hyperref Info: Link coloring ON on input line 138.
(./Prostar_UserManual.out) (./Prostar_UserManual.out)
\@outlinefile=\write4
\openout4 = `Prostar_UserManual.out'.

*geometry* driver: auto-detecting
*geometry* detected driver: pdftex
*geometry* verbose mode - [ preamble ] result:
* driver: pdftex
* paper: <default>
* layout: <custom>
* layout(width,height): (597.50787pt,794.96999pt)
* layoutoffset:(h,v)=(8.39355pt,0.0pt)
* modes: includehead includefoot 
* h-part:(L,W,R)=(85.35826pt, 384.11221pt, 128.0374pt)
* v-part:(T,H,B)=(42.67912pt, 709.61174pt, 42.67912pt)
* \paperwidth=614.295pt
* \paperheight=794.96999pt
* \textwidth=384.11221pt
* \textheight=624.2535pt
* \oddsidemargin=21.48183pt
* \evensidemargin=21.48183pt
* \topmargin=-29.59087pt
* \headheight=47.0pt
* \headsep=0.0pt
* \topskip=10.0pt
* \footskip=42.67912pt
* \marginparwidth=85.35826pt
* \marginparsep=14.22636pt
* \columnsep=10.0pt
* \skip\footins=9.0pt plus 4.0pt minus 2.0pt
* \hoffset=0.0pt
* \voffset=0.0pt
* \mag=1000
* \@twocolumnfalse
* \@twosidefalse
* \@mparswitchfalse
* \@reversemarginfalse
* (1in=72.27pt=25.4mm, 1cm=28.453pt)

Package caption Info: Begin \AtBeginDocument code.
Package caption Info: End \AtBeginDocument code.
LaTeX Font Info:    Trying to load font information for T1+phv on input line 13
9.
(c:/texlive/2023/texmf-dist/tex/latex/psnfss/t1phv.fd
File: t1phv.fd 2020/03/25 scalable font definitions for T1/phv.
)
LaTeX Font Info:    Font shape `T1/lmss/bx/it' in size <14.4> not available
(Font)              Font shape `T1/lmss/bx/sl' tried instead on input line 139.

(./Prostar_UserManual.toc [1

{c:/texlive/2023/texmf-var/fonts/map/pdftex/updmap/pdftex.map}{c:/texlive/2023/
texmf-dist/fonts/enc/dvips/base/8r.enc}{c:/texlive/2023/texmf-dist/fonts/enc/dv
ips/lm/lm-ec.enc}])
\tf@toc=\write5
\openout5 = `Prostar_UserManual.toc'.

[2]
LaTeX Font Info:    Trying to load font information for T1+fvm on input line 15
7.
(c:/texlive/2023/texmf-dist/tex/latex/bera/t1fvm.fd
File: t1fvm.fd 2004/09/07 scalable font definitions for T1/fvm.
)
LaTeX Font Info:    Font shape `T1/fvm/m/n' will be
(Font)              scaled to size 7.98004pt on input line 157.
LaTeX Font Info:    Trying to load font information for TS1+fvm on input line 1
71.
(c:/texlive/2023/texmf-dist/tex/latex/bera/ts1fvm.fd
File: ts1fvm.fd 2004/09/07 scalable font definitions for TS1/fvm.
)
LaTeX Font Info:    Font shape `TS1/fvm/m/n' will be
(Font)              scaled to size 7.98004pt on input line 171.
LaTeX Font Info:    Trying to load font information for OT1+lmr on input line 1
83.
(c:/texlive/2023/texmf-dist/tex/latex/lm/ot1lmr.fd
File: ot1lmr.fd 2015/05/01 v1.6.1 Font defs for Latin Modern
) (c:/texlive/2023/texmf-dist/tex/latex/microtype/mt-cmr.cfg
File: mt-cmr.cfg 2013/05/19 v2.2 microtype config. file: Computer Modern Roman 
(RS)
)
LaTeX Font Info:    Trying to load font information for OML+lmm on input line 1
83.
(c:/texlive/2023/texmf-dist/tex/latex/lm/omllmm.fd
File: omllmm.fd 2015/05/01 v1.6.1 Font defs for Latin Modern
)
LaTeX Font Info:    Trying to load font information for OMS+lmsy on input line 
183.
(c:/texlive/2023/texmf-dist/tex/latex/lm/omslmsy.fd
File: omslmsy.fd 2015/05/01 v1.6.1 Font defs for Latin Modern
)
LaTeX Font Info:    Trying to load font information for OMX+lmex on input line 
183.
(c:/texlive/2023/texmf-dist/tex/latex/lm/omxlmex.fd
File: omxlmex.fd 2015/05/01 v1.6.1 Font defs for Latin Modern
)
LaTeX Font Info:    External font `lmex10' loaded for size
(Font)              <10> on input line 183.
LaTeX Font Info:    External font `lmex10' loaded for size
(Font)              <7> on input line 183.
LaTeX Font Info:    External font `lmex10' loaded for size
(Font)              <5> on input line 183.
LaTeX Font Info:    Trying to load font information for U+msa on input line 183
.
(c:/texlive/2023/texmf-dist/tex/latex/amsfonts/umsa.fd
File: umsa.fd 2013/01/14 v3.01 AMS symbols A
) (c:/texlive/2023/texmf-dist/tex/latex/microtype/mt-msa.cfg
File: mt-msa.cfg 2006/02/04 v1.1 microtype config. file: AMS symbols (a) (RS)
)
LaTeX Font Info:    Trying to load font information for U+msb on input line 183
.
(c:/texlive/2023/texmf-dist/tex/latex/amsfonts/umsb.fd
File: umsb.fd 2013/01/14 v3.01 AMS symbols B
) (c:/texlive/2023/texmf-dist/tex/latex/microtype/mt-msb.cfg
File: mt-msb.cfg 2005/06/01 v1.0 microtype config. file: AMS symbols (b) (RS)
)
LaTeX Font Info:    Trying to load font information for TS1+lmss on input line 
197.
(c:/texlive/2023/texmf-dist/tex/latex/lm/ts1lmss.fd
File: ts1lmss.fd 2015/05/01 v1.6.1 Font defs for Latin Modern
)
LaTeX Font Info:    External font `lmex10' loaded for size
(Font)              <8> on input line 202.
LaTeX Font Info:    External font `lmex10' loaded for size
(Font)              <6> on input line 202.
LaTeX Font Info:    Font shape `T1/lmss/m/it' in size <10> not available
(Font)              Font shape `T1/lmss/m/sl' tried instead on input line 205.
[3{c:/texlive/2023/texmf-dist/fonts/enc/dvips/lm/lm-ts1.enc}]
LaTeX Font Info:    Font shape `T1/fvm/m/n' will be
(Font)              scaled to size 6.38403pt on input line 260.
[4]
Overfull \hbox (1.37613pt too wide) in paragraph at lines 321--323
[]\T1/lmss/m/n/10 (-20) Now, the ap-pli-ca-tion should be avail-able via a web 
browser at [][]$http : / / *servername$[][]\T1/lmss/m/sl/10 (-20) :\T1/lmss/m/n
/10 (-20) port*/Prostar. 
 []

[5]
<images/home.png, id=337, 850.67813pt x 610.53094pt>
File: images/home.png Graphic file (type png)
<use images/home.png>
Package pdftex.def Info: images/home.png  used on input line 373.
(pdftex.def)             Requested size: 341.43344pt x 245.04648pt.

Overfull \hbox (42.67912pt too wide) in paragraph at lines 374--374
[][] 
 []

[6 <./images/home.png>]
<images/load-pep.png, id=353, 802.49812pt x 473.51906pt>
File: images/load-pep.png Graphic file (type png)
<use images/load-pep.png>
Package pdftex.def Info: images/load-pep.png  used on input line 422.
(pdftex.def)             Requested size: 341.4429pt x 201.47052pt.

Overfull \hbox (42.67912pt too wide) in paragraph at lines 423--423
[][] 
 []


Overfull \hbox (42.67912pt too wide) in paragraph at lines 467--467
[][] 
 []

[7 <./images/load-pep.png>] [8] [9{c:/texlive/2023/texmf-dist/fonts/enc/dvips/l
m/lm-mathit.enc}] [10]
<images/convert_selectfile.png, id=429, 564.60938pt x 450.9347pt>
File: images/convert_selectfile.png Graphic file (type png)
<use images/convert_selectfile.png>
Package pdftex.def Info: images/convert_selectfile.png  used on input line 679.

(pdftex.def)             Requested size: 341.43895pt x 272.69592pt.

Overfull \hbox (42.67912pt too wide) in paragraph at lines 680--680
[][] 
 []

<images/convert_dataID.png, id=431, 561.59813pt x 426.84468pt>
File: images/convert_dataID.png Graphic file (type png)
<use images/convert_dataID.png>
Package pdftex.def Info: images/convert_dataID.png  used on input line 696.
(pdftex.def)             Requested size: 341.43465pt x 259.50864pt.

Overfull \hbox (42.67912pt too wide) in paragraph at lines 697--697
[][] 
 []

[11 <./images/convert_selectfile.png>]
<images/convert_exp_featdata.png, id=441, 744.53156pt x 510.40688pt>
File: images/convert_exp_featdata.png Graphic file (type png)
<use images/convert_exp_featdata.png>
Package pdftex.def Info: images/convert_exp_featdata.png  used on input line 71
9.
(pdftex.def)             Requested size: 341.4435pt x 234.0735pt.

Overfull \hbox (42.67912pt too wide) in paragraph at lines 720--720
[][] 
 []

<images/convert_sampledata.png, id=443, 862.72313pt x 542.025pt>
File: images/convert_sampledata.png Graphic file (type png)
<use images/convert_sampledata.png>
Package pdftex.def Info: images/convert_sampledata.png  used on input line 742.

(pdftex.def)             Requested size: 341.42352pt x 214.50691pt.

Overfull \hbox (42.67912pt too wide) in paragraph at lines 743--743
[][] 
 []

[12 <./images/convert_dataID.png>]
<images/convert_convert.png, id=451, 662.475pt x 299.61937pt>
File: images/convert_convert.png Graphic file (type png)
<use images/convert_convert.png>
Package pdftex.def Info: images/convert_convert.png  used on input line 760.
(pdftex.def)             Requested size: 341.4261pt x 154.41771pt.

Overfull \hbox (42.67912pt too wide) in paragraph at lines 761--761
[][] 
 []

<images/load-prot.png, id=452, 941.76843pt x 405.01312pt>
File: images/load-prot.png Graphic file (type png)
<use images/load-prot.png>
Package pdftex.def Info: images/load-prot.png  used on input line 767.
(pdftex.def)             Requested size: 341.4362pt x 146.83665pt.

Overfull \hbox (42.67912pt too wide) in paragraph at lines 768--768
[][] 
 []

[13 <./images/convert_exp_featdata.png> <./images/convert_sampledata.png>]
<images/export.png, id=465, 938.75719pt x 496.85625pt>
File: images/export.png Graphic file (type png)
<use images/export.png>
Package pdftex.def Info: images/export.png  used on input line 804.
(pdftex.def)             Requested size: 341.43312pt x 180.71039pt.

Overfull \hbox (42.67912pt too wide) in paragraph at lines 805--805
[][] 
 []

[14 <./images/convert_convert.png> <./images/load-prot.png>] [15 <./images/expo
rt.png>]
<images/filter1.png, id=486, 1220.30907pt x 499.11469pt>
File: images/filter1.png Graphic file (type png)
<use images/filter1.png>
Package pdftex.def Info: images/filter1.png  used on input line 853.
(pdftex.def)             Requested size: 341.42352pt x 139.64453pt.

Overfull \hbox (42.67912pt too wide) in paragraph at lines 854--854
[][] 
 []

<images/filter2.png, id=488, 1209.01688pt x 342.5297pt>
File: images/filter2.png Graphic file (type png)
<use images/filter2.png>
Package pdftex.def Info: images/filter2.png  used on input line 886.
(pdftex.def)             Requested size: 341.41876pt x 96.72823pt.

Overfull \hbox (42.67912pt too wide) in paragraph at lines 887--887
[][] 
 []

[16 <./images/filter1.png>]
<images/filter3.png, id=495, 1204.5pt x 699.36281pt>
File: images/filter3.png Graphic file (type png)
<use images/filter3.png>
Package pdftex.def Info: images/filter3.png  used on input line 921.
(pdftex.def)             Requested size: 341.42978pt x 198.24266pt.

Overfull \hbox (42.67912pt too wide) in paragraph at lines 922--922
[][] 
 []

[17 <./images/filter2.png> <./images/filter3.png>]
<images/normalisation.png, id=507, 1048.66782pt x 500.62032pt>
File: images/normalisation.png Graphic file (type png)
<use images/normalisation.png>
Package pdftex.def Info: images/normalisation.png  used on input line 949.
(pdftex.def)             Requested size: 341.42105pt x 162.98994pt.

Overfull \hbox (42.67912pt too wide) in paragraph at lines 950--950
[][] 
 []

[18 <./images/normalisation.png>] [19] [20]
<images/protein-POV.png, id=542, 1073.51062pt x 395.22656pt>
File: images/protein-POV.png Graphic file (type png)
<use images/protein-POV.png>
Package pdftex.def Info: images/protein-POV.png  used on input line 1138.
(pdftex.def)             Requested size: 341.43372pt x 125.70316pt.

Overfull \hbox (42.67912pt too wide) in paragraph at lines 1139--1139
[][] 
 []

[21 <./images/protein-POV.png>]
<images/protein-MEC.png, id=555, 1283.54532pt x 557.83406pt>
File: images/protein-MEC.png Graphic file (type png)
<use images/protein-MEC.png>
Package pdftex.def Info: images/protein-MEC.png  used on input line 1243.
(pdftex.def)             Requested size: 341.43053pt x 148.3871pt.

Overfull \hbox (42.67912pt too wide) in paragraph at lines 1244--1244
[][] 
 []

[22]
<images/peptide-basicImputation.png, id=562, 874.76813pt x 682.04813pt>
File: images/peptide-basicImputation.png Graphic file (type png)
<use images/peptide-basicImputation.png>
Package pdftex.def Info: images/peptide-basicImputation.png  used on input line
 1276.
(pdftex.def)             Requested size: 341.4385pt x 266.21625pt.

Overfull \hbox (42.67912pt too wide) in paragraph at lines 1277--1277
[][] 
 []

[23 <./images/protein-MEC.png>] [24 <./images/peptide-basicImputation.png>]
<images/peptide-imp4p.png, id=581, 1302.36563pt x 709.14937pt>
File: images/peptide-imp4p.png Graphic file (type png)
<use images/peptide-imp4p.png>
Package pdftex.def Info: images/peptide-imp4p.png  used on input line 1357.
(pdftex.def)             Requested size: 341.42897pt x 185.91103pt.

Overfull \hbox (42.67912pt too wide) in paragraph at lines 1358--1358
[][] 
 []

[25 <./images/peptide-imp4p.png>]
<images/aggregation.png, id=596, 1288.815pt x 448.67625pt>
File: images/aggregation.png Graphic file (type png)
<use images/aggregation.png>
Package pdftex.def Info: images/aggregation.png  used on input line 1395.
(pdftex.def)             Requested size: 341.43602pt x 118.86441pt.

Overfull \hbox (42.67912pt too wide) in paragraph at lines 1396--1396
[][] 
 []

[26 <./images/aggregation.png>]
<images/hp.png, id=605, 991.45406pt x 450.9347pt>
File: images/hp.png Graphic file (type png)
<use images/hp.png>
Package pdftex.def Info: images/hp.png  used on input line 1474.
(pdftex.def)             Requested size: 341.43175pt x 155.29053pt.

Overfull \hbox (42.67912pt too wide) in paragraph at lines 1475--1475
[][] 
 []

[27 <./images/hp.png>]
<images/descstat-overview.png, id=617, 810.77907pt x 324.46219pt>
File: images/descstat-overview.png Graphic file (type png)
<use images/descstat-overview.png>
Package pdftex.def Info: images/descstat-overview.png  used on input line 1518.

(pdftex.def)             Requested size: 341.44038pt x 136.63954pt.

Overfull \hbox (42.67912pt too wide) in paragraph at lines 1519--1519
[][] 
 []

[28{c:/texlive/2023/texmf-dist/fonts/enc/dvips/lm/lm-mathsy.enc}{c:/texlive/202
3/texmf-dist/fonts/enc/dvips/lm/lm-rm.enc} <./images/descstat-overview.png>]
<images/desc_missValues.png, id=628, 1053.9375pt x 423.08063pt>
File: images/desc_missValues.png Graphic file (type png)
<use images/desc_missValues.png>
Package pdftex.def Info: images/desc_missValues.png  used on input line 1536.
(pdftex.def)             Requested size: 341.43207pt x 137.06058pt.

Overfull \hbox (42.67912pt too wide) in paragraph at lines 1537--1537
[][] 
 []

<images/desc_quantiData.png, id=630, 1050.17343pt x 689.57625pt>
File: images/desc_quantiData.png Graphic file (type png)
<use images/desc_quantiData.png>
Package pdftex.def Info: images/desc_quantiData.png  used on input line 1549.
(pdftex.def)             Requested size: 341.43051pt x 224.1938pt.

Overfull \hbox (42.67912pt too wide) in paragraph at lines 1550--1550
[][] 
 []

<images/desc_fdata.png, id=632, 1038.88126pt x 548.0475pt>
File: images/desc_fdata.png Graphic file (type png)
<use images/desc_fdata.png>
Package pdftex.def Info: images/desc_fdata.png  used on input line 1558.
(pdftex.def)             Requested size: 341.42104pt x 180.11197pt.

Overfull \hbox (42.67912pt too wide) in paragraph at lines 1559--1559
[][] 
 []

<images/desc_pdata.png, id=634, 912.40875pt x 377.15906pt>
File: images/desc_pdata.png Graphic file (type png)
<use images/desc_pdata.png>
Package pdftex.def Info: images/desc_pdata.png  used on input line 1566.
(pdftex.def)             Requested size: 341.42848pt x 141.13504pt.

Overfull \hbox (42.67912pt too wide) in paragraph at lines 1567--1567
[][] 
 []

[29 <./images/desc_missValues.png> <./images/desc_quantiData.png>]
<images/desc_corrmatrix.png, id=644, 916.1728pt x 545.78906pt>
File: images/desc_corrmatrix.png Graphic file (type png)
<use images/desc_corrmatrix.png>
Package pdftex.def Info: images/desc_corrmatrix.png  used on input line 1577.
(pdftex.def)             Requested size: 341.42506pt x 203.3962pt.

Overfull \hbox (42.67912pt too wide) in paragraph at lines 1578--1578
[][] 
 []

[30 <./images/desc_fdata.png> <./images/desc_pdata.png>]
<images/desc_heatmap.png, id=655, 913.91437pt x 528.47438pt>
File: images/desc_heatmap.png Graphic file (type png)
<use images/desc_heatmap.png>
Package pdftex.def Info: images/desc_heatmap.png  used on input line 1601.
(pdftex.def)             Requested size: 341.43408pt x 197.43552pt.

Overfull \hbox (42.67912pt too wide) in paragraph at lines 1602--1602
[][] 
 []

<images/desc_PCA.png, id=656, 1443.89438pt x 684.30656pt>
File: images/desc_PCA.png Graphic file (type png)
<use images/desc_PCA.png>
Package pdftex.def Info: images/desc_PCA.png  used on input line 1608.
(pdftex.def)             Requested size: 341.4303pt x 161.81445pt.

Overfull \hbox (42.67912pt too wide) in paragraph at lines 1609--1609
[][] 
 []

[31 <./images/desc_corrmatrix.png> <./images/desc_heatmap.png>]
<images/desc_intdistrib.png, id=668, 1428.83812pt x 551.81157pt>
File: images/desc_intdistrib.png Graphic file (type png)
<use images/desc_intdistrib.png>
Package pdftex.def Info: images/desc_intdistrib.png  used on input line 1629.
(pdftex.def)             Requested size: 341.4238pt x 131.8565pt.

Overfull \hbox (42.67912pt too wide) in paragraph at lines 1630--1630
[][] 
 []

<images/desc_CVDist_ZoomOut.png, id=671, 788.9475pt x 550.30594pt>
File: images/desc_CVDist_ZoomOut.png Graphic file (type png)
<use images/desc_CVDist_ZoomOut.png>
Package pdftex.def Info: images/desc_CVDist_ZoomOut.png  used on input line 164
4.
(pdftex.def)             Requested size: 341.43178pt x 238.15518pt.

Overfull \hbox (42.67912pt too wide) in paragraph at lines 1645--1645
[][] 
 []

<images/desc_CVDist_ZoomIn.png, id=672, 776.9025pt x 551.05875pt>
File: images/desc_CVDist_ZoomIn.png Graphic file (type png)
<use images/desc_CVDist_ZoomIn.png>
Package pdftex.def Info: images/desc_CVDist_ZoomIn.png  used on input line 1649
.
(pdftex.def)             Requested size: 341.43509pt x 242.1807pt.

Overfull \hbox (42.67912pt too wide) in paragraph at lines 1650--1650
[][] 
 []

[32 <./images/desc_PCA.png> <./images/desc_intdistrib.png>] [33 <./images/desc_
CVDist_ZoomOut.png> <./images/desc_CVDist_ZoomIn.png>]
<images/pushpval.png, id=691, 982.42032pt x 661.72218pt>
File: images/pushpval.png Graphic file (type png)
<use images/pushpval.png>
Package pdftex.def Info: images/pushpval.png  used on input line 1681.
(pdftex.def)             Requested size: 341.4238pt x 229.9705pt.

Overfull \hbox (42.67912pt too wide) in paragraph at lines 1682--1682
[][] 
 []

<images/cp4p-default.png, id=694, 1005.00468pt x 491.58656pt>
File: images/cp4p-default.png Graphic file (type png)
<use images/cp4p-default.png>
Package pdftex.def Info: images/cp4p-default.png  used on input line 1693.
(pdftex.def)             Requested size: 341.42104pt x 167.0022pt.

Overfull \hbox (42.67912pt too wide) in paragraph at lines 1694--1694
[][] 
 []

[34 <./images/pushpval.png> <./images/cp4p-default.png>]
<images/fdr-thresh.png, id=703, 992.95969pt x 697.10437pt>
File: images/fdr-thresh.png Graphic file (type png)
<use images/fdr-thresh.png>
Package pdftex.def Info: images/fdr-thresh.png  used on input line 1709.
(pdftex.def)             Requested size: 341.4351pt x 239.70349pt.

Overfull \hbox (42.67912pt too wide) in paragraph at lines 1710--1710
[][] 
 []

<images/anadiffsum.png, id=705, 801.74532pt x 429.10312pt>
File: images/anadiffsum.png Graphic file (type png)
<use images/anadiffsum.png>
Package pdftex.def Info: images/anadiffsum.png  used on input line 1718.
(pdftex.def)             Requested size: 341.44069pt x 182.74289pt.

Overfull \hbox (42.67912pt too wide) in paragraph at lines 1719--1719
[][] 
 []

[35 <./images/fdr-thresh.png>]
<images/cp4p-ideal.png, id=716, 469.755pt x 420.06938pt>
File: images/cp4p-ideal.png Graphic file (type png)
<use images/cp4p-ideal.png>
Package pdftex.def Info: images/cp4p-ideal.png  used on input line 1772.
(pdftex.def)             Requested size: 341.43456pt x 305.32129pt.

Overfull \hbox (42.67912pt too wide) in paragraph at lines 1773--1773
[][] 
 []

[36 <./images/anadiffsum.png>]
<images/cp4p-pb1.png, id=725, 402.00188pt x 358.33875pt>
File: images/cp4p-pb1.png Graphic file (type png)
<use images/cp4p-pb1.png>
Package pdftex.def Info: images/cp4p-pb1.png  used on input line 1794.
(pdftex.def)             Requested size: 341.4333pt x 304.34879pt.

Overfull \hbox (42.67912pt too wide) in paragraph at lines 1795--1795
[][] 
 []

<images/cp4p-pb2.png, id=726, 493.0922pt x 422.32782pt>
File: images/cp4p-pb2.png Graphic file (type png)
<use images/cp4p-pb2.png>
Package pdftex.def Info: images/cp4p-pb2.png  used on input line 1799.
(pdftex.def)             Requested size: 341.44534pt x 292.44402pt.

Overfull \hbox (42.67912pt too wide) in paragraph at lines 1800--1800
[][] 
 []

<images/cp4p-choice.png, id=730, 594.22pt x 577.15625pt>
File: images/cp4p-choice.png Graphic file (type png)
<use images/cp4p-choice.png>
Package pdftex.def Info: images/cp4p-choice.png  used on input line 1817.
(pdftex.def)             Requested size: 341.44717pt x 331.64209pt.

Overfull \hbox (42.67912pt too wide) in paragraph at lines 1818--1818
[][] 
 []

[37 <./images/cp4p-ideal.png>]
<images/GO_tab1.png, id=746, 804.00375pt x 561.59813pt>
File: images/GO_tab1.png Graphic file (type png)
<use images/GO_tab1.png>
Package pdftex.def Info: images/GO_tab1.png  used on input line 1853.
(pdftex.def)             Requested size: 341.43332pt x 238.4918pt.

Overfull \hbox (42.67912pt too wide) in paragraph at lines 1854--1854
[][] 
 []

[38 <./images/cp4p-pb1.png>]
<images/GO_tab2.png, id=755, 1000.48781pt x 407.27156pt>
File: images/GO_tab2.png Graphic file (type png)
<use images/GO_tab2.png>
Package pdftex.def Info: images/GO_tab2.png  used on input line 1886.
(pdftex.def)             Requested size: 341.42845pt x 138.98628pt.

Overfull \hbox (42.67912pt too wide) in paragraph at lines 1887--1887
[][] 
 []

<images/GO_tab3.png, id=758, 912.40875pt x 688.82344pt>
File: images/GO_tab3.png Graphic file (type png)
<use images/GO_tab3.png>
Package pdftex.def Info: images/GO_tab3.png  used on input line 1909.
(pdftex.def)             Requested size: 341.42848pt x 257.7616pt.

Overfull \hbox (42.67912pt too wide) in paragraph at lines 1910--1910
[][] 
 []

[39 <./images/cp4p-pb2.png>] [40 <./images/cp4p-choice.png> <./images/GO_tab1.p
ng>] [41 <./images/GO_tab2.png> <./images/GO_tab3.png>]
<images/GO_tab4.png, id=783, 1014.03844pt x 305.64188pt>
File: images/GO_tab4.png Graphic file (type png)
<use images/GO_tab4.png>
Package pdftex.def Info: images/GO_tab4.png  used on input line 1945.
(pdftex.def)             Requested size: 341.42635pt x 102.90948pt.

Overfull \hbox (42.67912pt too wide) in paragraph at lines 1946--1946
[][] 
 []

[42 <./images/GO_tab4.png>]
LaTeX Font Info:    Font shape `T1/fvm/m/it' in size <10> not available
(Font)              Font shape `T1/fvm/m/sl' tried instead on input line 2001.
LaTeX Font Info:    Font shape `T1/fvm/m/sl' will be
(Font)              scaled to size 7.98004pt on input line 2001.
[43] (./Prostar_UserManual.aux)
 ***********
LaTeX2e <2023-06-01> patch level 1
L3 programming layer <2023-08-29>
 ***********
Package rerunfilecheck Info: File `Prostar_UserManual.out' has not changed.
(rerunfilecheck)             Checksum: BBAF6FFA7B04A036973E7B33113B921D;6379.
 ) 
Here is how much of TeX's memory you used:
 19124 strings out of 474933
 308961 string characters out of 5763793
 1942801 words of memory out of 5000000
 39862 multiletter control sequences out of 15000+600000
 689885 words of font info for 254 fonts, out of 8000000 for 9000
 1141 hyphenation exceptions out of 8191
 78i,14n,81p,1279b,618s stack positions out of 10000i,1000n,20000p,200000b,200000s
<c:/texlive/2023/texmf-dist/fonts/type1/public/bera/fvmr8a.pfb><c:/texlive/20
23/texmf-dist/fonts/type1/public/bera/fvmro8a.pfb><c:/texlive/2023/texmf-dist/f
onts/type1/public/lm/lmmi10.pfb><c:/texlive/2023/texmf-dist/fonts/type1/public/
lm/lmmi8.pfb><c:/texlive/2023/texmf-dist/fonts/type1/public/lm/lmr10.pfb><c:/te
xlive/2023/texmf-dist/fonts/type1/public/lm/lmr6.pfb><c:/texlive/2023/texmf-dis
t/fonts/type1/public/lm/lmr7.pfb><c:/texlive/2023/texmf-dist/fonts/type1/public
/lm/lmss10.pfb><c:/texlive/2023/texmf-dist/fonts/type1/public/lm/lmss8.pfb><c:/
texlive/2023/texmf-dist/fonts/type1/public/lm/lmssbo10.pfb><c:/texlive/2023/tex
mf-dist/fonts/type1/public/lm/lmssbx10.pfb><c:/texlive/2023/texmf-dist/fonts/ty
pe1/public/lm/lmsso10.pfb><c:/texlive/2023/texmf-dist/fonts/type1/public/lm/lms
so8.pfb><c:/texlive/2023/texmf-dist/fonts/type1/public/lm/lmsy10.pfb><c:/texliv
e/2023/texmf-dist/fonts/type1/urw/helvetic/uhvb8a.pfb><c:/texlive/2023/texmf-di
st/fonts/type1/urw/helvetic/uhvr8a.pfb><c:/texlive/2023/texmf-dist/fonts/type1/
urw/helvetic/uhvro8a.pfb>
Output written on Prostar_UserManual.pdf (43 pages, 1884570 bytes).
PDF statistics:
 915 PDF objects out of 1000 (max. 8388607)
 740 compressed objects within 8 object streams
 169 named destinations out of 1000 (max. 500000)
 51691 words of extra memory for PDF output out of 61914 (max. 10000000)

